TN:
SF:src/microservices/authentication/UserService.js
FN:46,_hashPassword
FN:69,(anonymous_1)
FN:109,(anonymous_2)
FN:150,(anonymous_3)
FN:166,(anonymous_4)
FN:192,(anonymous_5)
FN:205,(anonymous_6)
FN:221,(anonymous_7)
FN:227,(anonymous_8)
FNF:9
FNH:9
FNDA:71,_hashPassword
FNDA:47,(anonymous_1)
FNDA:34,(anonymous_2)
FNDA:3,(anonymous_3)
FNDA:17,(anonymous_4)
FNDA:7,(anonymous_5)
FNDA:4,(anonymous_6)
FNDA:71,(anonymous_7)
FNDA:87,(anonymous_8)
DA:13,2
DA:14,2
DA:20,2
DA:21,2
DA:30,2
DA:33,2
DA:47,71
DA:48,0
DA:50,71
DA:51,71
DA:54,71
DA:70,47
DA:71,2
DA:73,45
DA:74,1
DA:76,44
DA:77,1
DA:79,43
DA:80,1
DA:82,42
DA:83,1
DA:86,41
DA:87,41
DA:96,41
DA:97,41
DA:110,34
DA:111,2
DA:114,32
DA:116,32
DA:118,2
DA:121,30
DA:122,30
DA:123,2
DA:126,28
DA:127,3
DA:130,25
DA:131,25
DA:132,25
DA:140,25
DA:141,25
DA:151,3
DA:152,2
DA:153,2
DA:156,1
DA:167,17
DA:168,1
DA:171,16
DA:172,16
DA:174,4
DA:175,1
DA:177,3
DA:179,12
DA:180,3
DA:182,9
DA:193,7
DA:194,5
DA:195,5
DA:206,4
DA:207,4
DA:208,3
DA:209,3
DA:210,3
DA:213,1
DA:222,71
DA:223,71
DA:228,87
DA:229,87
DA:233,2
LF:68
LH:67
BRDA:20,0,0,2
BRDA:20,0,1,2
BRDA:21,1,0,0
BRDA:21,1,1,2
BRDA:47,2,0,0
BRDA:47,2,1,71
BRDA:47,3,0,71
BRDA:47,3,1,71
BRDA:50,4,0,71
BRDA:50,4,1,41
BRDA:69,5,0,1
BRDA:69,6,0,45
BRDA:70,7,0,2
BRDA:70,7,1,45
BRDA:70,8,0,47
BRDA:70,8,1,45
BRDA:73,9,0,1
BRDA:73,9,1,44
BRDA:73,10,0,45
BRDA:73,10,1,44
BRDA:76,11,0,1
BRDA:76,11,1,43
BRDA:76,12,0,44
BRDA:76,12,1,43
BRDA:79,13,0,1
BRDA:79,13,1,42
BRDA:79,14,0,43
BRDA:79,14,1,42
BRDA:82,15,0,1
BRDA:82,15,1,41
BRDA:110,16,0,2
BRDA:110,16,1,32
BRDA:110,17,0,34
BRDA:110,17,1,33
BRDA:116,18,0,2
BRDA:116,18,1,30
BRDA:122,19,0,2
BRDA:122,19,1,28
BRDA:126,20,0,3
BRDA:126,20,1,25
BRDA:152,21,0,2
BRDA:152,21,1,0
BRDA:167,22,0,1
BRDA:167,22,1,16
BRDA:174,23,0,1
BRDA:174,23,1,3
BRDA:179,24,0,3
BRDA:179,24,1,9
BRDA:207,25,0,3
BRDA:207,25,1,1
BRF:50
BRH:47
end_of_record
TN:
SF:src/microservices/payment/PaymentProcessor.js
FN:43,(anonymous_0)
FN:99,(anonymous_1)
FN:129,(anonymous_2)
FN:154,(anonymous_3)
FN:164,(anonymous_4)
FN:171,(anonymous_5)
FNF:6
FNH:6
FNDA:42,(anonymous_0)
FNDA:17,(anonymous_1)
FNDA:10,(anonymous_2)
FNDA:11,(anonymous_3)
FNDA:2,(anonymous_4)
FNDA:93,(anonymous_5)
DA:12,2
DA:19,2
DA:22,2
DA:28,2
DA:29,2
DA:44,42
DA:45,2
DA:47,40
DA:48,1
DA:50,39
DA:51,2
DA:53,37
DA:54,3
DA:57,34
DA:58,34
DA:59,0
DA:63,34
DA:64,2
DA:65,2
DA:66,2
DA:70,32
DA:71,32
DA:81,32
DA:82,6
DA:83,6
DA:86,32
DA:87,32
DA:100,17
DA:101,2
DA:103,15
DA:104,15
DA:105,2
DA:107,13
DA:108,3
DA:113,10
DA:114,10
DA:115,3
DA:117,10
DA:118,10
DA:130,10
DA:131,1
DA:133,9
DA:134,9
DA:135,2
DA:137,7
DA:138,2
DA:143,5
DA:144,5
DA:145,5
DA:155,11
DA:165,2
DA:166,2
DA:167,1
DA:172,93
DA:173,93
DA:177,2
LF:56
LH:55
BRDA:43,0,0,1
BRDA:43,1,0,15
BRDA:44,2,0,2
BRDA:44,2,1,40
BRDA:44,3,0,42
BRDA:44,3,1,40
BRDA:47,4,0,1
BRDA:47,4,1,39
BRDA:47,5,0,40
BRDA:47,5,1,39
BRDA:50,6,0,2
BRDA:50,6,1,37
BRDA:50,7,0,39
BRDA:50,7,1,38
BRDA:53,8,0,3
BRDA:53,8,1,34
BRDA:58,9,0,0
BRDA:58,9,1,34
BRDA:63,10,0,2
BRDA:63,10,1,32
BRDA:63,11,0,34
BRDA:63,11,1,8
BRDA:65,12,0,2
BRDA:65,12,1,0
BRDA:81,13,0,6
BRDA:81,13,1,26
BRDA:100,14,0,2
BRDA:100,14,1,15
BRDA:104,15,0,2
BRDA:104,15,1,13
BRDA:107,16,0,3
BRDA:107,16,1,10
BRDA:114,17,0,3
BRDA:114,17,1,7
BRDA:130,18,0,1
BRDA:130,18,1,9
BRDA:134,19,0,2
BRDA:134,19,1,7
BRDA:137,20,0,2
BRDA:137,20,1,5
BRDA:155,21,0,11
BRDA:155,21,1,1
BRDA:166,22,0,1
BRDA:166,22,1,1
BRDA:167,23,0,1
BRDA:167,23,1,0
BRF:46
BRH:43
end_of_record
